<?xml version="1.0" encoding="UTF-8"?>
<coverage generated="1657049263456" clover="3.2.0">
  <project timestamp="1657049263456" name="All files">
    <metrics statements="10" coveredstatements="10" conditionals="4" coveredconditionals="4" methods="1" coveredmethods="1" elements="15" coveredelements="15" complexity="0" loc="10" ncloc="10" packages="1" files="1" classes="1"/>
    <file name="two-sum-problem.js" path="/home/ollyver/Documentos/Pos-Graduacao-Puc/disciplinas/13-Qualidade-de-Software-para-Web-(2021)/PosGraduacaoQualidadeDeSoftwareTestes/unidade-01-03-desafio-two-sum-problem/two-sum-problem.js">
      <metrics statements="10" coveredstatements="10" conditionals="4" coveredconditionals="4" methods="1" coveredmethods="1"/>
      <line num="1" count="1" type="stmt"/>
      <line num="3" count="7" type="cond" truecount="2" falsecount="0"/>
      <line num="4" count="2" type="stmt"/>
      <line num="7" count="5" type="stmt"/>
      <line num="9" count="5" type="stmt"/>
      <line num="10" count="13" type="cond" truecount="2" falsecount="0"/>
      <line num="11" count="4" type="stmt"/>
      <line num="14" count="9" type="stmt"/>
      <line num="17" count="1" type="stmt"/>
      <line num="20" count="1" type="stmt"/>
    </file>
  </project>
</coverage>
