{"/home/ollyver/Documentos/Pos-Graduacao-Puc/disciplinas/13-Qualidade-de-Software-para-Web-(2021)/PosGraduacaoQualidadeDeSoftwareTestes/unidade-01-03-desafio-two-sum-problem/two-sum-problem.js": {"path":"/home/ollyver/Documentos/Pos-Graduacao-Puc/disciplinas/13-Qualidade-de-Software-para-Web-(2021)/PosGraduacaoQualidadeDeSoftwareTestes/unidade-01-03-desafio-two-sum-problem/two-sum-problem.js","statementMap":{"0":{"start":{"line":1,"column":15},"end":{"line":19,"column":1}},"1":{"start":{"line":3,"column":4},"end":{"line":5,"column":5}},"2":{"start":{"line":4,"column":8},"end":{"line":4,"column":64}},"3":{"start":{"line":7,"column":18},"end":{"line":7,"column":20}},"4":{"start":{"line":9,"column":4},"end":{"line":15,"column":5}},"5":{"start":{"line":10,"column":8},"end":{"line":12,"column":9}},"6":{"start":{"line":11,"column":12},"end":{"line":11,"column":36}},"7":{"start":{"line":14,"column":8},"end":{"line":14,"column":33}},"8":{"start":{"line":17,"column":4},"end":{"line":17,"column":13}},"9":{"start":{"line":20,"column":0},"end":{"line":20,"column":23}}},"fnMap":{"0":{"name":"(anonymous_0)","decl":{"start":{"line":1,"column":15},"end":{"line":1,"column":16}},"loc":{"start":{"line":1,"column":35},"end":{"line":19,"column":1}},"line":1}},"branchMap":{"0":{"loc":{"start":{"line":3,"column":4},"end":{"line":5,"column":5}},"type":"if","locations":[{"start":{"line":3,"column":4},"end":{"line":5,"column":5}},{"start":{},"end":{}}],"line":3},"1":{"loc":{"start":{"line":10,"column":8},"end":{"line":12,"column":9}},"type":"if","locations":[{"start":{"line":10,"column":8},"end":{"line":12,"column":9}},{"start":{},"end":{}}],"line":10}},"s":{"0":1,"1":7,"2":2,"3":5,"4":5,"5":13,"6":4,"7":9,"8":1,"9":1},"f":{"0":7},"b":{"0":[2,5],"1":[4,9]},"_coverageSchema":"1a1c01bbd47fc00a2c39e90264f33305004495a9","hash":"a721d0b46c17ad7da7eb755a106c6ee7800c707f"}
}
